<?xml version="1.0" encoding="UTF-8"?>
<!-- Generated by org.testng.reporters.JUnitReportReporter -->
<testsuite skipped="0" hostname="RAM-HPLaptop" name="com.dv.testcases.dvtest" tests="1" failures="0" timestamp="02 Jan 2021 23:04:56 GMT" time="9.503" errors="0">
  <testcase name="verifyTest" time="9.503" classname="com.dv.testcases.dvtest"/>
</testsuite> <!-- com.dv.testcases.dvtest -->
