<?xml version="1.0" encoding="UTF-8"?>
<!-- Generated by org.testng.reporters.JUnitReportReporter -->
<testsuite skipped="0" hostname="RAM-HPLaptop" name="com.dv.testcases.dvtest" tests="1" failures="0" timestamp="2021-01-01T15:24:23 EST" time="8.258" errors="0">
  <testcase name="verifyTest" time="8.258" classname="com.dv.testcases.dvtest"/>
</testsuite> <!-- com.dv.testcases.dvtest -->
